<?xml version="1.0" encoding="UTF-8"?>
<!-- Generated by org.testng.reporters.JUnitReportReporter -->
<testsuite hostname="Jesse" name="com.orasi.bluesource.test.TestAddNewTitle" tests="1" failures="0" timestamp="17 Jul 2014 17:51:37 GMT" time="2.894" errors="0">
  <testcase name="testCreateNewTitle" time="2.894" classname="com.orasi.bluesource.test.TestAddNewTitle"/>
</testsuite> <!-- com.orasi.bluesource.test.TestAddNewTitle -->
