<?xml version="1.0" encoding="UTF-8"?>
<!-- Generated by org.testng.reporters.JUnitReportReporter -->
<testsuite hostname="Jesse" name="com.orasi.bluesource.test.TestAddNewDept" tests="1" failures="0" timestamp="18 Jul 2014 16:31:52 GMT" time="31.148" errors="0">
  <testcase name="testCreateNewDept" time="31.148" classname="com.orasi.bluesource.test.TestAddNewDept"/>
</testsuite> <!-- com.orasi.bluesource.test.TestAddNewDept -->
