<?xml version="1.0" encoding="UTF-8"?>
<!-- Generated by org.testng.reporters.JUnitReportReporter -->
<testsuite hostname="Jesse" name="com.orasi.bluesource.test.TestEnterTimeOffDetails" tests="4" failures="0" timestamp="23 Jul 2014 21:21:16 GMT" time="34.610" errors="0">
  <testcase name="testEnterTimeOffDetails" time="7.391" classname="com.orasi.bluesource.test.TestEnterTimeOffDetails"/>
  <testcase name="testEnterTimeOffDetails" time="5.884" classname="com.orasi.bluesource.test.TestEnterTimeOffDetails"/>
  <testcase name="testEnterTimeOffDetails" time="15.338" classname="com.orasi.bluesource.test.TestEnterTimeOffDetails"/>
  <testcase name="testEnterTimeOffDetails" time="5.997" classname="com.orasi.bluesource.test.TestEnterTimeOffDetails"/>
</testsuite> <!-- com.orasi.bluesource.test.TestEnterTimeOffDetails -->
