<?xml version="1.0" encoding="UTF-8"?>
<!-- Generated by org.testng.reporters.JUnitReportReporter -->
<testsuite hostname="Jesse" name="com.orasi.bluesource.test.TestAddNewTitle" tests="1" failures="1" timestamp="5 Aug 2014 16:07:12 GMT" time="0.390" errors="0">
  <testcase name="testCreateNewTitle" time="0.390" classname="com.orasi.bluesource.test.TestAddNewTitle">
    <failure type="java.lang.IllegalArgumentException" message="Can not set static com.orasi.bluesource.interfaces.Textbox field com.orasi.bluesource.pageObject.LoginPage.txtUsername to com.sun.proxy.$Proxy14">
      <![CDATA[java.lang.IllegalArgumentException: Can not set static com.orasi.bluesource.interfaces.Textbox field com.orasi.bluesource.pageObject.LoginPage.txtUsername to com.sun.proxy.$Proxy14
	at sun.reflect.UnsafeFieldAccessorImpl.throwSetIllegalArgumentException(Unknown Source)
	at sun.reflect.UnsafeFieldAccessorImpl.throwSetIllegalArgumentException(Unknown Source)
	at sun.reflect.UnsafeStaticObjectFieldAccessorImpl.set(Unknown Source)
	at java.lang.reflect.Field.set(Unknown Source)
	at org.openqa.selenium.support.PageFactory.proxyFields(PageFactory.java:119)
	at org.openqa.selenium.support.PageFactory.initElements(PageFactory.java:107)
	at org.openqa.selenium.support.PageFactory.initElements(PageFactory.java:94)
	at org.openqa.selenium.support.PageFactory.initElements(PageFactory.java:81)
	at org.openqa.selenium.support.PageFactory.initElements(PageFactory.java:67)
	at com.orasi.bluesource.test.TestAddNewTitle.testCreateNewTitle(TestAddNewTitle.java:22)
	at sun.reflect.NativeMethodAccessorImpl.invoke0(Native Method)
	at sun.reflect.NativeMethodAccessorImpl.invoke(Unknown Source)
	at sun.reflect.DelegatingMethodAccessorImpl.invoke(Unknown Source)
	at java.lang.reflect.Method.invoke(Unknown Source)
	at org.testng.internal.MethodInvocationHelper.invokeMethod(MethodInvocationHelper.java:84)
	at org.testng.internal.Invoker.invokeMethod(Invoker.java:714)
	at org.testng.internal.Invoker.invokeTestMethod(Invoker.java:901)
	at org.testng.internal.Invoker.invokeTestMethods(Invoker.java:1231)
	at org.testng.internal.TestMethodWorker.invokeTestMethods(TestMethodWorker.java:127)
	at org.testng.internal.TestMethodWorker.run(TestMethodWorker.java:111)
	at org.testng.TestRunner.privateRun(TestRunner.java:767)
	at org.testng.TestRunner.run(TestRunner.java:617)
	at org.testng.SuiteRunner.runTest(SuiteRunner.java:334)
	at org.testng.SuiteRunner.runSequentially(SuiteRunner.java:329)
	at org.testng.SuiteRunner.privateRun(SuiteRunner.java:291)
	at org.testng.SuiteRunner.run(SuiteRunner.java:240)
	at org.testng.SuiteRunnerWorker.runSuite(SuiteRunnerWorker.java:52)
	at org.testng.SuiteRunnerWorker.run(SuiteRunnerWorker.java:86)
	at org.testng.TestNG.runSuitesSequentially(TestNG.java:1224)
	at org.testng.TestNG.runSuitesLocally(TestNG.java:1149)
	at org.testng.TestNG.run(TestNG.java:1057)
	at org.testng.remote.RemoteTestNG.run(RemoteTestNG.java:111)
	at org.testng.remote.RemoteTestNG.initAndRun(RemoteTestNG.java:204)
	at org.testng.remote.RemoteTestNG.main(RemoteTestNG.java:175)
]]>
    </failure>
  </testcase> <!-- testCreateNewTitle -->
</testsuite> <!-- com.orasi.bluesource.test.TestAddNewTitle -->
