<?xml version="1.0" encoding="UTF-8"?>
<!-- Generated by org.testng.reporters.JUnitReportReporter -->
<testsuite hostname="Jesse" name="com.orasi.bluesource.test.TestAddNewTitle" tests="1" failures="0" timestamp="18 Jul 2014 16:02:49 GMT" time="2.941" errors="0">
  <testcase name="testCreateNewTitle" time="2.941" classname="com.orasi.bluesource.test.TestAddNewTitle"/>
</testsuite> <!-- com.orasi.bluesource.test.TestAddNewTitle -->
