<?xml version="1.0" encoding="UTF-8"?>
<!-- Generated by org.testng.reporters.JUnitReportReporter -->
<testsuite hostname="Jesse" name="com.orasi.bluesource.test.TestAddNewEmployee" tests="1" failures="0" timestamp="7 Jul 2014 15:59:24 GMT" time="13.735" errors="0">
  <testcase name="testAddEmployee" time="13.735" classname="com.orasi.bluesource.test.TestAddNewEmployee"/>
</testsuite> <!-- com.orasi.bluesource.test.TestAddNewEmployee -->
