<?xml version="1.0" encoding="UTF-8"?>
<!-- Generated by org.testng.reporters.JUnitReportReporter -->
<testsuite hostname="Jesse" name="com.orasi.bluesource.test.TestAddNewEmployee" tests="1" failures="0" timestamp="8 Jul 2014 21:17:37 GMT" time="5.005" errors="0">
  <testcase name="testAddEmployee" time="5.005" classname="com.orasi.bluesource.test.TestAddNewEmployee"/>
</testsuite> <!-- com.orasi.bluesource.test.TestAddNewEmployee -->
