<?xml version="1.0" encoding="UTF-8"?>
<!-- Generated by org.testng.reporters.JUnitReportReporter -->
<testsuite hostname="Jesse" name="com.orasi.bluesource.test.TestAddNewTitle" tests="1" failures="0" timestamp="15 Jul 2014 21:03:17 GMT" time="4.613" errors="0">
  <testcase name="testCreateNewTitle" time="4.613" classname="com.orasi.bluesource.test.TestAddNewTitle"/>
</testsuite> <!-- com.orasi.bluesource.test.TestAddNewTitle -->
