<?xml version="1.0" encoding="UTF-8"?>
<!-- Generated by org.testng.reporters.JUnitReportReporter -->
<testsuite hostname="Jesse" name="com.orasi.bluesource.test.TestAddNewTitle" tests="1" failures="0" timestamp="17 Jul 2014 18:31:37 GMT" time="3.521" errors="0">
  <testcase name="testCreateNewTitle" time="3.521" classname="com.orasi.bluesource.test.TestAddNewTitle"/>
</testsuite>
