<?xml version="1.0" encoding="UTF-8"?>
<!-- Generated by org.testng.reporters.JUnitReportReporter -->
<testsuite hostname="Jesse" name="com.orasi.bluesource.test.TestAddNewEmployee" tests="2" failures="0" timestamp="2 Jul 2014 15:04:52 GMT" time="25.284" errors="0">
  <testcase name="login" time="2.662" classname="com.orasi.bluesource.test.TestAddNewEmployee"/>
  <testcase name="testAddEmployee" time="22.622" classname="com.orasi.bluesource.test.TestAddNewEmployee"/>
</testsuite>
