<?xml version="1.0" encoding="UTF-8"?>
<!-- Generated by org.testng.reporters.JUnitReportReporter -->
<testsuite hostname="Jesse" name="com.orasi.bluesource.test.TestAddNewTitle" tests="1" failures="0" timestamp="11 Jul 2014 18:25:27 GMT" time="4.323" errors="0">
  <testcase name="testCreateNewTitle" time="4.323" classname="com.orasi.bluesource.test.TestAddNewTitle"/>
</testsuite>
